2024-28-24 09:28:04 [WARN] com.zaxxer.hikari.pool.HikariPool [HikariPool-1 housekeeper] HikariPool-1 - Thread starvation or clock leap detected (housekeeper delta=14h3m49s65ms86µs500ns).
2024-39-24 09:39:10 [INFO] org.springframework.orm.jpa.LocalContainerEntityManagerFactoryBean [SpringApplicationShutdownHook] Closing JPA EntityManagerFactory for persistence unit 'default'
2024-39-24 09:39:11 [INFO] com.zaxxer.hikari.HikariDataSource [SpringApplicationShutdownHook] HikariPool-1 - Shutdown initiated...
2024-39-24 09:39:11 [INFO] com.zaxxer.hikari.HikariDataSource [SpringApplicationShutdownHook] HikariPool-1 - Shutdown completed.
2024-42-24 09:42:49 [INFO] com.blog.BlogAppApisApplication [restartedMain] Starting BlogAppApisApplication using Java 21.0.1 with PID 13944 (D:\blogprojecttwo\blog-app-apis\target\classes started by pbaithi in D:\blogprojecttwo)
2024-42-24 09:42:49 [INFO] com.blog.BlogAppApisApplication [restartedMain] No active profile set, falling back to 1 default profile: "default"
2024-42-24 09:42:49 [INFO] org.springframework.boot.devtools.env.DevToolsPropertyDefaultsPostProcessor [restartedMain] Devtools property defaults active! Set 'spring.devtools.add-properties' to 'false' to disable
2024-42-24 09:42:49 [INFO] org.springframework.boot.devtools.env.DevToolsPropertyDefaultsPostProcessor [restartedMain] For additional web related logging consider setting the 'logging.level.web' property to 'DEBUG'
2024-42-24 09:42:52 [INFO] org.springframework.data.repository.config.RepositoryConfigurationDelegate [restartedMain] Bootstrapping Spring Data JPA repositories in DEFAULT mode.
2024-42-24 09:42:52 [INFO] org.springframework.data.repository.config.RepositoryConfigurationDelegate [restartedMain] Finished Spring Data repository scanning in 186 ms. Found 5 JPA repository interfaces.
2024-42-24 09:42:54 [INFO] org.springframework.boot.web.embedded.tomcat.TomcatWebServer [restartedMain] Tomcat initialized with port 8080 (http)
2024-42-24 09:42:54 [INFO] org.apache.catalina.core.StandardService [restartedMain] Starting service [Tomcat]
2024-42-24 09:42:54 [INFO] org.apache.catalina.core.StandardEngine [restartedMain] Starting Servlet engine: [Apache Tomcat/10.1.17]
2024-42-24 09:42:54 [INFO] org.apache.catalina.core.ContainerBase.[Tomcat].[localhost].[/] [restartedMain] Initializing Spring embedded WebApplicationContext
2024-42-24 09:42:54 [INFO] org.springframework.boot.web.servlet.context.ServletWebServerApplicationContext [restartedMain] Root WebApplicationContext: initialization completed in 5166 ms
2024-42-24 09:42:55 [INFO] org.hibernate.jpa.internal.util.LogHelper [restartedMain] HHH000204: Processing PersistenceUnitInfo [name: default]
2024-42-24 09:42:55 [INFO] org.hibernate.Version [restartedMain] HHH000412: Hibernate ORM core version 6.4.1.Final
2024-42-24 09:42:55 [INFO] org.hibernate.cache.internal.RegionFactoryInitiator [restartedMain] HHH000026: Second-level cache disabled
2024-42-24 09:42:56 [INFO] org.springframework.orm.jpa.persistenceunit.SpringPersistenceUnitInfo [restartedMain] No LoadTimeWeaver setup: ignoring JPA class transformer
2024-42-24 09:42:56 [INFO] com.zaxxer.hikari.HikariDataSource [restartedMain] HikariPool-1 - Starting...
2024-42-24 09:42:58 [INFO] com.zaxxer.hikari.pool.HikariPool [restartedMain] HikariPool-1 - Added connection com.mysql.cj.jdbc.ConnectionImpl@4a144ef5
2024-42-24 09:42:58 [INFO] com.zaxxer.hikari.HikariDataSource [restartedMain] HikariPool-1 - Start completed.
2024-43-24 09:43:01 [INFO] org.hibernate.engine.transaction.jta.platform.internal.JtaPlatformInitiator [restartedMain] HHH000489: No JTA platform available (set 'hibernate.transaction.jta.platform' to enable JTA platform integration)
2024-43-24 09:43:01 [INFO] org.springframework.orm.jpa.LocalContainerEntityManagerFactoryBean [restartedMain] Initialized JPA EntityManagerFactory for persistence unit 'default'
2024-43-24 09:43:03 [WARN] org.springframework.boot.autoconfigure.orm.jpa.JpaBaseConfiguration$JpaWebConfiguration [restartedMain] spring.jpa.open-in-view is enabled by default. Therefore, database queries may be performed during view rendering. Explicitly configure spring.jpa.open-in-view to disable this warning
2024-43-24 09:43:04 [INFO] org.springframework.security.web.DefaultSecurityFilterChain [restartedMain] Will secure any request with [org.springframework.security.web.session.DisableEncodeUrlFilter@c72a5c5, org.springframework.security.web.context.request.async.WebAsyncManagerIntegrationFilter@444dcb28, org.springframework.security.web.context.SecurityContextHolderFilter@4cb3ed2, org.springframework.security.web.header.HeaderWriterFilter@5cc16713, org.springframework.web.filter.CorsFilter@77281921, org.springframework.security.web.authentication.logout.LogoutFilter@37e627be, com.blog.security.JwtAuthenticationFilter@4d09a54c, org.springframework.security.web.authentication.www.BasicAuthenticationFilter@6af4506b, org.springframework.security.web.savedrequest.RequestCacheAwareFilter@4caa64d6, org.springframework.security.web.servletapi.SecurityContextHolderAwareRequestFilter@721b1696, org.springframework.security.web.authentication.AnonymousAuthenticationFilter@585a771c, org.springframework.security.web.session.SessionManagementFilter@2524d146, org.springframework.security.web.access.ExceptionTranslationFilter@3d9da1d4, org.springframework.security.web.access.intercept.AuthorizationFilter@677f095e]
2024-43-24 09:43:04 [INFO] org.springframework.boot.devtools.autoconfigure.OptionalLiveReloadServer [restartedMain] LiveReload server is running on port 35729
2024-43-24 09:43:05 [INFO] org.springframework.boot.web.embedded.tomcat.TomcatWebServer [restartedMain] Tomcat started on port 8080 (http) with context path ''
2024-43-24 09:43:05 [INFO] com.blog.BlogAppApisApplication [restartedMain] Started BlogAppApisApplication in 16.735 seconds (process running for 18.385)
2024-44-24 09:44:42 [INFO] org.apache.catalina.core.ContainerBase.[Tomcat].[localhost].[/] [http-nio-8080-exec-1] Initializing Spring DispatcherServlet 'dispatcherServlet'
2024-44-24 09:44:42 [INFO] org.springframework.web.servlet.DispatcherServlet [http-nio-8080-exec-1] Initializing Servlet 'dispatcherServlet'
2024-44-24 09:44:42 [INFO] org.springframework.web.servlet.DispatcherServlet [http-nio-8080-exec-1] Completed initialization in 5 ms
2024-44-24 09:44:43 [WARN] org.springframework.web.servlet.mvc.method.annotation.ExceptionHandlerExceptionResolver [http-nio-8080-exec-1] Resolved [org.springframework.security.authentication.BadCredentialsException: Bad credentials]
2024-44-24 09:44:49 [WARN] org.springframework.web.servlet.mvc.method.annotation.ExceptionHandlerExceptionResolver [http-nio-8080-exec-4] Resolved [org.springframework.security.authentication.InternalAuthenticationServiceException: user not found with userName or email : snehay ]
2024-45-24 09:45:33 [WARN] org.springframework.web.servlet.mvc.method.annotation.ExceptionHandlerExceptionResolver [http-nio-8080-exec-6] Resolved [com.blog.exceptions.ResourceNotFoundException: Posts not found with PostId : 200 ]
2024-45-24 09:45:51 [WARN] org.springframework.web.servlet.mvc.method.annotation.ExceptionHandlerExceptionResolver [http-nio-8080-exec-8] Resolved [org.springframework.security.access.AccessDeniedException: Access Denied]
2024-46-24 09:46:56 [INFO] org.springframework.orm.jpa.LocalContainerEntityManagerFactoryBean [SpringApplicationShutdownHook] Closing JPA EntityManagerFactory for persistence unit 'default'
2024-46-24 09:46:56 [INFO] com.zaxxer.hikari.HikariDataSource [SpringApplicationShutdownHook] HikariPool-1 - Shutdown initiated...
2024-46-24 09:46:57 [INFO] com.zaxxer.hikari.HikariDataSource [SpringApplicationShutdownHook] HikariPool-1 - Shutdown completed.
